<?xml version="1.0" encoding="UTF-8"?>
<testsuite xmlns:xsi="http://www.w3.org/2001/XMLSchema-instance" xsi:noNamespaceSchemaLocation="https://maven.apache.org/surefire/maven-surefire-plugin/xsd/surefire-test-report.xsd" name="org.max.demo.LogbackExampleTest" time="0.226" tests="2" errors="0" skipped="0" failures="0">
  <properties>
[...]
</properties>
  <testcase name="parametrizedMessageTest" classname="org.max.demo.LogbackExampleTest" time="0.14"/>
  <testcase name="simpleExampleTest" classname="org.max.demo.LogbackExampleTest" time="0.01"/>
</testsuite>